Started by user chi kwong
Building in workspace C:\Documents and Settings\Administrator\.jenkins\workspace\openFDA
 > c:/program files/git/cmd/git.exe rev-parse --is-inside-work-tree # timeout=10
Fetching changes from the remote Git repository
 > c:/program files/git/cmd/git.exe config remote.origin.url https://github.com/washingtonsoftware/openFDA # timeout=10
Fetching upstream changes from https://github.com/washingtonsoftware/openFDA
 > c:/program files/git/cmd/git.exe --version # timeout=10
using .gitcredentials to set credentials
 > c:/program files/git/cmd/git.exe config --local credential.helper store --file=\"C:\WINDOWS\TEMP\git7355781983364510778.credentials\" # timeout=10
 > c:/program files/git/cmd/git.exe -c core.askpass=true fetch --tags --progress https://github.com/washingtonsoftware/openFDA +refs/heads/*:refs/remotes/origin/*
 > c:/program files/git/cmd/git.exe config --local --remove-section credential # timeout=10
 > c:/program files/git/cmd/git.exe rev-parse "refs/remotes/origin/master^{commit}" # timeout=10
 > c:/program files/git/cmd/git.exe rev-parse "refs/remotes/origin/origin/master^{commit}" # timeout=10
Checking out Revision 9976aa2a6e20e2a1925c438483816c3a80dbe6af (refs/remotes/origin/master)
 > c:/program files/git/cmd/git.exe config core.sparsecheckout # timeout=10
 > c:/program files/git/cmd/git.exe checkout -f 9976aa2a6e20e2a1925c438483816c3a80dbe6af
 > c:/program files/git/cmd/git.exe rev-list 9976aa2a6e20e2a1925c438483816c3a80dbe6af # timeout=10
Parsing POMs
[openFDA] $ "C:\Program Files\Java\jdk1.7.0_09/bin/java" -cp "C:\Documents and Settings\Administrator\.jenkins\plugins\maven-plugin\WEB-INF\lib\maven31-agent-1.5.jar;C:\Documents and Settings\Administrator\.jenkins\tools\hudson.tasks.Maven_MavenInstallation\maven\boot\plexus-classworlds-2.5.2.jar;C:\Documents and Settings\Administrator\.jenkins\tools\hudson.tasks.Maven_MavenInstallation\maven/conf/logging" jenkins.maven3.agent.Maven31Main "C:\Documents and Settings\Administrator\.jenkins\tools\hudson.tasks.Maven_MavenInstallation\maven" "C:\Documents and Settings\Administrator\.jenkins\war\WEB-INF\lib\remoting-2.51.jar" "C:\Documents and Settings\Administrator\.jenkins\plugins\maven-plugin\WEB-INF\lib\maven31-interceptor-1.5.jar" "C:\Documents and Settings\Administrator\.jenkins\plugins\maven-plugin\WEB-INF\lib\maven3-interceptor-commons-1.5.jar" 1920
<===[JENKINS REMOTING CAPACITY]===>channel started
Executing Maven:  -B -f C:\Documents and Settings\Administrator\.jenkins\workspace\openFDA\pom.xml clean install checkstyle:checkstyle pmd:pmd jxr:jxr
[INFO] Scanning for projects...
[INFO]                                                                         
[INFO] ------------------------------------------------------------------------
[INFO] Building OpenFDA 1.0-SNAPSHOT
[INFO] ------------------------------------------------------------------------
[INFO] 
[INFO] --- maven-clean-plugin:2.5:clean (default-clean) @ OpenFDA ---
[INFO] Deleting C:\Documents and Settings\Administrator\.jenkins\workspace\openFDA\target
[INFO] 
[INFO] --- maven-resources-plugin:2.6:resources (default-resources) @ OpenFDA ---
[INFO] Using 'UTF-8' encoding to copy filtered resources.
[INFO] Copying 715 resources
[INFO] 
[INFO] --- maven-compiler-plugin:3.1:compile (default-compile) @ OpenFDA ---
[INFO] Changes detected - recompiling the module!
[INFO] Compiling 25 source files to C:\Documents and Settings\Administrator\.jenkins\workspace\openFDA\target\classes
[WARNING] /C:/Documents and Settings/Administrator/.jenkins/workspace/openFDA/src/main/java/com/wasoftware/openfda/dao/UsersDaoImpl.java: Some input files use unchecked or unsafe operations.
[WARNING] /C:/Documents and Settings/Administrator/.jenkins/workspace/openFDA/src/main/java/com/wasoftware/openfda/dao/UsersDaoImpl.java: Recompile with -Xlint:unchecked for details.
[INFO] 
[INFO] --- maven-resources-plugin:2.6:testResources (default-testResources) @ OpenFDA ---
[INFO] Using 'UTF-8' encoding to copy filtered resources.
[INFO] skip non existing resourceDirectory C:\Documents and Settings\Administrator\.jenkins\workspace\openFDA\src\test\resources
[INFO] 
[INFO] --- maven-compiler-plugin:3.1:testCompile (default-testCompile) @ OpenFDA ---
[INFO] Changes detected - recompiling the module!
[INFO] Compiling 4 source files to C:\Documents and Settings\Administrator\.jenkins\workspace\openFDA\target\test-classes
[INFO] 
[INFO] --- maven-surefire-plugin:2.12.4:test (default-test) @ OpenFDA ---
[INFO] Surefire report directory: C:\Documents and Settings\Administrator\.jenkins\workspace\openFDA\target\surefire-reports

-------------------------------------------------------
 T E S T S
-------------------------------------------------------
Running com.wasoftware.openfda.AppTests
SLF4J: Failed to load class "org.slf4j.impl.StaticLoggerBinder".
SLF4J: Defaulting to no-operation (NOP) logger implementation
SLF4J: See http://www.slf4j.org/codes.html#StaticLoggerBinder for further details.
log4j:WARN No appenders could be found for logger (org.jboss.logging).
log4j:WARN Please initialize the log4j system properly.
log4j:WARN See http://logging.apache.org/log4j/1.2/faq.html#noconfig for more info.
Tests run: 4, Failures: 0, Errors: 0, Skipped: 0, Time elapsed: 6.81 sec
Running com.wasoftware.openfda.DrugControllerTests
Tests run: 3, Failures: 0, Errors: 0, Skipped: 0, Time elapsed: 1.151 sec
Running com.wasoftware.openfda.restclient.drug.adverseEventTests
Tests run: 5, Failures: 0, Errors: 0, Skipped: 0, Time elapsed: 1.232 sec
Running com.wasoftware.openfda.ViewDataControllerTests
Hibernate: select max(datasetlis0_.id) as col_0_0_ from openfda_test.DataSetLists datasetlis0_
Hibernate: select datasetlis0_.id as id1_0_0_, datasetlis0_.dataSetName as dataSetN2_0_0_, datasetlis0_.dataSetType as dataSetT3_0_0_, datasetlis0_.enddate as enddate4_0_0_, datasetlis0_.keyName as keyName5_0_0_, datasetlis0_.metadata as metadata6_0_0_, datasetlis0_.notes as notes7_0_0_, datasetlis0_.startdate as startdat8_0_0_, datasetlis0_.user_id as user_id9_0_0_, datasetlis0_.valueName as valueNa10_0_0_ from openfda_test.DataSetLists datasetlis0_ where datasetlis0_.id=?
DataSetLists loaded successfully, DataSetLists details=com.wasoftware.openfda.model.DataSetListsEntity@c89914f8
Hibernate: select datasetsen0_.id as id1_1_, datasetsen0_.dataSetList_id as dataSetL2_1_, datasetsen0_.`key` as key3_1_, datasetsen0_.value as value4_1_ from openfda_test.DataSets datasetsen0_ where datasetsen0_.dataSetList_id=? order by datasetsen0_.`key`
DataSetsbylistid List::com.wasoftware.openfda.model.DataSetsEntity@f9d39cc4
DataSetsbylistid List::com.wasoftware.openfda.model.DataSetsEntity@f9eb3d2a
DataSetsbylistid List::com.wasoftware.openfda.model.DataSetsEntity@f9eb4b31
DataSetsbylistid List::com.wasoftware.openfda.model.DataSetsEntity@f9eb57a9
DataSetsbylistid List::com.wasoftware.openfda.model.DataSetsEntity@f9d4b349
DataSetsbylistid List::com.wasoftware.openfda.model.DataSetsEntity@f9d52787
DataSetsbylistid List::com.wasoftware.openfda.model.DataSetsEntity@f9ed86be
DataSetsbylistid List::com.wasoftware.openfda.model.DataSetsEntity@f9ed7f44
DataSetsbylistid List::com.wasoftware.openfda.model.DataSetsEntity@f9edfedd
DataSetsbylistid List::com.wasoftware.openfda.model.DataSetsEntity@f9ee18eb
DataSetsbylistid List::com.wasoftware.openfda.model.DataSetsEntity@f9ee8d65
DataSetsbylistid List::com.wasoftware.openfda.model.DataSetsEntity@f9d7e585
DataSetsbylistid List::com.wasoftware.openfda.model.DataSetsEntity@f9d859ff
DataSetsbylistid List::com.wasoftware.openfda.model.DataSetsEntity@f9efeac6
DataSetsbylistid List::com.wasoftware.openfda.model.DataSetsEntity@f9f057bf
DataSetsbylistid List::com.wasoftware.openfda.model.DataSetsEntity@f9f1291e
DataSetsbylistid List::com.wasoftware.openfda.model.DataSetsEntity@f9f19a1c
DataSetsbylistid List::com.wasoftware.openfda.model.DataSetsEntity@f9f282d7
DataSetsbylistid List::com.wasoftware.openfda.model.DataSetsEntity@f9f28371
DataSetsbylistid List::com.wasoftware.openfda.model.DataSetsEntity@f9dc6194
DataSetsbylistid List::com.wasoftware.openfda.model.DataSetsEntity@f9f3115c
DataSetsbylistid List::com.wasoftware.openfda.model.DataSetsEntity@f9f3fdc1
DataSetsbylistid List::com.wasoftware.openfda.model.DataSetsEntity@f9f46b3a
DataSetsbylistid List::com.wasoftware.openfda.model.DataSetsEntity@f9f4db00
DataSetsbylistid List::com.wasoftware.openfda.model.DataSetsEntity@f9f5450f
DataSetsbylistid List::com.wasoftware.openfda.model.DataSetsEntity@f9de4693
DataSetsbylistid List::com.wasoftware.openfda.model.DataSetsEntity@f9debb88
DataSetsbylistid List::com.wasoftware.openfda.model.DataSetsEntity@f9f73457
DataSetsbylistid List::com.wasoftware.openfda.model.DataSetsEntity@fcaa8a3c
DataSetsbylistid List::com.wasoftware.openfda.model.DataSetsEntity@fca92089
DataSetsbylistid List::com.wasoftware.openfda.model.DataSetsEntity@f9fb314a
DataSetsbylistid List::com.wasoftware.openfda.model.DataSetsEntity@f9f9d76c
DataSetsbylistid List::com.wasoftware.openfda.model.DataSetsEntity@f9e1e1ee
DataSetsbylistid List::com.wasoftware.openfda.model.DataSetsEntity@f9e255b2
DataSetsbylistid List::com.wasoftware.openfda.model.DataSetsEntity@f9fb2186
DataSetsbylistid List::com.wasoftware.openfda.model.DataSetsEntity@f9fab4ee
DataSetsbylistid List::com.wasoftware.openfda.model.DataSetsEntity@f9fb9aff
DataSetsbylistid List::com.wasoftware.openfda.model.DataSetsEntity@f9fb9abb
DataSetsbylistid List::com.wasoftware.openfda.model.DataSetsEntity@f9fc252b
DataSetsbylistid List::com.wasoftware.openfda.model.DataSetsEntity@f9e5115e
DataSetsbylistid List::com.wasoftware.openfda.model.DataSetsEntity@f9e58808
DataSetsbylistid List::com.wasoftware.openfda.model.DataSetsEntity@f9fd7e61
DataSetsbylistid List::com.wasoftware.openfda.model.DataSetsEntity@f9fde345
DataSetsbylistid List::com.wasoftware.openfda.model.DataSetsEntity@f9fe66a3
DataSetsbylistid List::com.wasoftware.openfda.model.DataSetsEntity@f9fec8a2
DataSetsbylistid List::com.wasoftware.openfda.model.DataSetsEntity@f9ff4fc2
DataSetsbylistid List::com.wasoftware.openfda.model.DataSetsEntity@f9e842bf
DataSetsbylistid List::com.wasoftware.openfda.model.DataSetsEntity@f9e8b816
DataSetsbylistid List::com.wasoftware.openfda.model.DataSetsEntity@fa00b1d5
DataSetsbylistid List::com.wasoftware.openfda.model.DataSetsEntity@fa02771a
DataSetsbylistid List::com.wasoftware.openfda.model.DataSetsEntity@fa01997e
DataSetsbylistid List::com.wasoftware.openfda.model.DataSetsEntity@fa020db9
DataSetsbylistid List::com.wasoftware.openfda.model.DataSetsEntity@fa027dfc
DataSetsbylistid List::com.wasoftware.openfda.model.DataSetsEntity@f9eb74de
DataSetsbylistid List::com.wasoftware.openfda.model.DataSetsEntity@f9ebe994
DataSetsbylistid List::com.wasoftware.openfda.model.DataSetsEntity@fa045b35
DataSetsbylistid List::com.wasoftware.openfda.model.DataSetsEntity@fa044c36
DataSetsbylistid List::com.wasoftware.openfda.model.DataSetsEntity@fa04d3b6
DataSetsbylistid List::com.wasoftware.openfda.model.DataSetsEntity@fa05a685
DataSetsbylistid List::com.wasoftware.openfda.model.DataSetsEntity@fa067e77
DataSetsbylistid List::com.wasoftware.openfda.model.DataSetsEntity@f9ef10c8
DataSetsbylistid List::com.wasoftware.openfda.model.DataSetsEntity@f9f03cbf
DataSetsbylistid List::com.wasoftware.openfda.model.DataSetsEntity@fa07f290
DataSetsbylistid List::com.wasoftware.openfda.model.DataSetsEntity@fcb9865c
DataSetsbylistid List::com.wasoftware.openfda.model.DataSetsEntity@fa086467
DataSetsbylistid List::com.wasoftware.openfda.model.DataSetsEntity@fa08dbef
DataSetsbylistid List::com.wasoftware.openfda.model.DataSetsEntity@fa0a35c6
DataSetsbylistid List::com.wasoftware.openfda.model.DataSetsEntity@f9f2f770
DataSetsbylistid List::com.wasoftware.openfda.model.DataSetsEntity@f9f2b6e8
DataSetsbylistid List::com.wasoftware.openfda.model.DataSetsEntity@fa0ab82d
DataSetsbylistid List::com.wasoftware.openfda.model.DataSetsEntity@fa0abc2e
DataSetsbylistid List::com.wasoftware.openfda.model.DataSetsEntity@fa0b9cce
DataSetsbylistid List::com.wasoftware.openfda.model.DataSetsEntity@fa0c11e6
DataSetsbylistid List::com.wasoftware.openfda.model.DataSetsEntity@fa0c73da
DataSetsbylistid List::com.wasoftware.openfda.model.DataSetsEntity@f9f571fc
DataSetsbylistid List::com.wasoftware.openfda.model.DataSetsEntity@f9f69dcd
DataSetsbylistid List::com.wasoftware.openfda.model.DataSetsEntity@fa0ddbfb
DataSetsbylistid List::com.wasoftware.openfda.model.DataSetsEntity@fa0e44f8
DataSetsbylistid List::com.wasoftware.openfda.model.DataSetsEntity@fa0ecbe0
DataSetsbylistid List::com.wasoftware.openfda.model.DataSetsEntity@fa0f3460
DataSetsbylistid List::com.wasoftware.openfda.model.DataSetsEntity@fa10125a
DataSetsbylistid List::com.wasoftware.openfda.model.DataSetsEntity@f9f89d6c
DataSetsbylistid List::com.wasoftware.openfda.model.DataSetsEntity@f9f9d069
DataSetsbylistid List::com.wasoftware.openfda.model.DataSetsEntity@fa11823d
DataSetsbylistid List::com.wasoftware.openfda.model.DataSetsEntity@fa117f6f
DataSetsbylistid List::com.wasoftware.openfda.model.DataSetsEntity@fa11f00e
DataSetsbylistid List::com.wasoftware.openfda.model.DataSetsEntity@fa127b30
DataSetsbylistid List::com.wasoftware.openfda.model.DataSetsEntity@fa12e0ad
DataSetsbylistid List::com.wasoftware.openfda.model.DataSetsEntity@f9fbd578
DataSetsbylistid List::com.wasoftware.openfda.model.DataSetsEntity@f9fc4a57
DataSetsbylistid List::com.wasoftware.openfda.model.DataSetsEntity@fa149db3
DataSetsbylistid List::com.wasoftware.openfda.model.DataSetsEntity@fa150af1
DataSetsbylistid List::com.wasoftware.openfda.model.DataSetsEntity@fa159234
DataSetsbylistid List::com.wasoftware.openfda.model.DataSetsEntity@fa1682cb
DataSetsbylistid List::com.wasoftware.openfda.model.DataSetsEntity@fa167729
DataSetsbylistid List::com.wasoftware.openfda.model.DataSetsEntity@f9ff6e82
DataSetsbylistid List::com.wasoftware.openfda.model.DataSetsEntity@f9ffe28b
DataSetsbylistid List::com.wasoftware.openfda.model.DataSetsEntity@fa17d509
DataSetsbylistid List::com.wasoftware.openfda.model.DataSetsEntity@fa1841a6
DataSetsbylistid List::com.wasoftware.openfda.model.DataSetsEntity@fa18b965
DataSetsbylistid List::com.wasoftware.openfda.model.DataSetsEntity@fa192d10
DataSetsbylistid List::com.wasoftware.openfda.model.DataSetsEntity@fa19adc6
DataSetsbylistid List::com.wasoftware.openfda.model.DataSetsEntity@fa029fe9
DataSetsbylistid List::com.wasoftware.openfda.model.DataSetsEntity@fa0314fe
DataSetsbylistid List::com.wasoftware.openfda.model.DataSetsEntity@fa1b071c
DataSetsbylistid List::com.wasoftware.openfda.model.DataSetsEntity@fa1b7b45
DataSetsbylistid List::com.wasoftware.openfda.model.DataSetsEntity@fa1be0da
DataSetsbylistid List::com.wasoftware.openfda.model.DataSetsEntity@fa1c72e3
DataSetsbylistid List::com.wasoftware.openfda.model.DataSetsEntity@fa1cd579
DataSetsbylistid List::com.wasoftware.openfda.model.DataSetsEntity@fa068999
DataSetsbylistid List::com.wasoftware.openfda.model.DataSetsEntity@fa06469c
DataSetsbylistid List::com.wasoftware.openfda.model.DataSetsEntity@fa1e3d3f
DataSetsbylistid List::com.wasoftware.openfda.model.DataSetsEntity@fa1ea91d
DataSetsbylistid List::com.wasoftware.openfda.model.DataSetsEntity@fa1f1de1
DataSetsbylistid List::com.wasoftware.openfda.model.DataSetsEntity@fa1f92f7
DataSetsbylistid List::com.wasoftware.openfda.model.DataSetsEntity@fa200757
DataSetsbylistid List::com.wasoftware.openfda.model.DataSetsEntity@fa09b945
DataSetsbylistid List::com.wasoftware.openfda.model.DataSetsEntity@fa0a2d84
DataSetsbylistid List::com.wasoftware.openfda.model.DataSetsEntity@fa2173b6
DataSetsbylistid List::com.wasoftware.openfda.model.DataSetsEntity@fa21d3de
DataSetsbylistid List::com.wasoftware.openfda.model.DataSetsEntity@fa225399
DataSetsbylistid List::com.wasoftware.openfda.model.DataSetsEntity@fa2340f5
DataSetsbylistid List::com.wasoftware.openfda.model.DataSetsEntity@fa239a4c
DataSetsbylistid List::com.wasoftware.openfda.model.DataSetsEntity@fa0c9c89
DataSetsbylistid List::com.wasoftware.openfda.model.DataSetsEntity@fa0d112f
DataSetsbylistid List::com.wasoftware.openfda.model.DataSetsEntity@fa2586ed
DataSetsbylistid List::com.wasoftware.openfda.model.DataSetsEntity@fa257f66
DataSetsbylistid List::com.wasoftware.openfda.model.DataSetsEntity@fa25e581
DataSetsbylistid List::com.wasoftware.openfda.model.DataSetsEntity@fa2651a4
DataSetsbylistid List::com.wasoftware.openfda.model.DataSetsEntity@fa26e00b
DataSetsbylistid List::com.wasoftware.openfda.model.DataSetsEntity@fa0fce88
DataSetsbylistid List::com.wasoftware.openfda.model.DataSetsEntity@fa104304
DataSetsbylistid List::com.wasoftware.openfda.model.DataSetsEntity@fa283602
DataSetsbylistid List::com.wasoftware.openfda.model.DataSetsEntity@fa289f39
DataSetsbylistid List::com.wasoftware.openfda.model.DataSetsEntity@fa290fd8
DataSetsbylistid List::com.wasoftware.openfda.model.DataSetsEntity@fa29843b
DataSetsbylistid List::com.wasoftware.openfda.model.DataSetsEntity@fa2a075c
DataSetsbylistid List::com.wasoftware.openfda.model.DataSetsEntity@fa13b590
DataSetsbylistid List::com.wasoftware.openfda.model.DataSetsEntity@fa1372f2
DataSetsbylistid List::com.wasoftware.openfda.model.DataSetsEntity@fa2b63fc
DataSetsbylistid List::com.wasoftware.openfda.model.DataSetsEntity@fa2bdc79
DataSetsbylistid List::com.wasoftware.openfda.model.DataSetsEntity@fa2c4557
DataSetsbylistid List::com.wasoftware.openfda.model.DataSetsEntity@fa2cbd1b
DataSetsbylistid List::com.wasoftware.openfda.model.DataSetsEntity@fa2daa37
DataSetsbylistid List::com.wasoftware.openfda.model.DataSetsEntity@fa1701d9
DataSetsbylistid List::com.wasoftware.openfda.model.DataSetsEntity@fa16a4b3
DataSetsbylistid List::com.wasoftware.openfda.model.DataSetsEntity@fa17e824
DataSetsbylistid List::com.wasoftware.openfda.model.DataSetsEntity@fa2f1ad3
DataSetsbylistid List::com.wasoftware.openfda.model.DataSetsEntity@fa2f78ac
DataSetsbylistid List::com.wasoftware.openfda.model.DataSetsEntity@fa30d4ed
DataSetsbylistid List::com.wasoftware.openfda.model.DataSetsEntity@fa305bfd
DataSetsbylistid List::com.wasoftware.openfda.model.DataSetsEntity@fa1a83a2
DataSetsbylistid List::com.wasoftware.openfda.model.DataSetsEntity@fa1a3fcc
DataSetsbylistid List::com.wasoftware.openfda.model.DataSetsEntity@fa32318f
DataSetsbylistid List::com.wasoftware.openfda.model.DataSetsEntity@fa33a195
DataSetsbylistid List::com.wasoftware.openfda.model.DataSetsEntity@fa32b98f
DataSetsbylistid List::com.wasoftware.openfda.model.DataSetsEntity@fa34128f
DataSetsbylistid List::com.wasoftware.openfda.model.DataSetsEntity@fa33f886
DataSetsbylistid List::com.wasoftware.openfda.model.DataSetsEntity@fa1cfabf
DataSetsbylistid List::com.wasoftware.openfda.model.DataSetsEntity@fa1d6f64
DataSetsbylistid List::com.wasoftware.openfda.model.DataSetsEntity@fa357657
DataSetsbylistid List::com.wasoftware.openfda.model.DataSetsEntity@fa35c8e7
DataSetsbylistid List::com.wasoftware.openfda.model.DataSetsEntity@fa35ebae
DataSetsbylistid List::com.wasoftware.openfda.model.DataSetsEntity@fa36bd64
DataSetsbylistid List::com.wasoftware.openfda.model.DataSetsEntity@fa3735ff
DataSetsbylistid List::com.wasoftware.openfda.model.DataSetsEntity@fa202ca2
DataSetsbylistid List::com.wasoftware.openfda.model.DataSetsEntity@fa20a13e
DataSetsbylistid List::com.wasoftware.openfda.model.DataSetsEntity@fa38971b
DataSetsbylistid List::com.wasoftware.openfda.model.DataSetsEntity@fa38f935
DataSetsbylistid List::com.wasoftware.openfda.model.DataSetsEntity@fa3970fb
DataSetsbylistid List::com.wasoftware.openfda.model.DataSetsEntity@fa3a028a
DataSetsbylistid List::com.wasoftware.openfda.model.DataSetsEntity@fa3a67dd
DataSetsbylistid List::com.wasoftware.openfda.model.DataSetsEntity@fa2425ec
DataSetsbylistid List::com.wasoftware.openfda.model.DataSetsEntity@fa23d2da
DataSetsbylistid List::com.wasoftware.openfda.model.DataSetsEntity@fa3bc1d4
DataSetsbylistid List::com.wasoftware.openfda.model.DataSetsEntity@fa3ca70f
DataSetsbylistid List::com.wasoftware.openfda.model.DataSetsEntity@fa3caa3e
DataSetsbylistid List::com.wasoftware.openfda.model.DataSetsEntity@fa3d8b5a
DataSetsbylistid List::com.wasoftware.openfda.model.DataSetsEntity@fa3d940e
DataSetsbylistid List::com.wasoftware.openfda.model.DataSetsEntity@fa274584
DataSetsbylistid List::com.wasoftware.openfda.model.DataSetsEntity@fa270537
DataSetsbylistid List::com.wasoftware.openfda.model.DataSetsEntity@fa3f5d30
DataSetsbylistid List::com.wasoftware.openfda.model.DataSetsEntity@fa3fca28
DataSetsbylistid List::com.wasoftware.openfda.model.DataSetsEntity@fa40456f
DataSetsbylistid List::com.wasoftware.openfda.model.DataSetsEntity@fa2a1266
DataSetsbylistid List::com.wasoftware.openfda.model.DataSetsEntity@fa412b27
DataSetsbylistid List::com.wasoftware.openfda.model.DataSetsEntity@fa2a290d
DataSetsbylistid List::com.wasoftware.openfda.model.DataSetsEntity@fa2a9e21
DataSetsbylistid List::com.wasoftware.openfda.model.DataSetsEntity@fa431310
DataSetsbylistid List::com.wasoftware.openfda.model.DataSetsEntity@fa429f83
DataSetsbylistid List::com.wasoftware.openfda.model.DataSetsEntity@fa431a2f
DataSetsbylistid List::com.wasoftware.openfda.model.DataSetsEntity@fa43f351
DataSetsbylistid List::com.wasoftware.openfda.model.DataSetsEntity@fa445c6c
DataSetsbylistid List::com.wasoftware.openfda.model.DataSetsEntity@fa2d5b22
DataSetsbylistid List::com.wasoftware.openfda.model.DataSetsEntity@fa2dcfa0
DataSetsbylistid List::com.wasoftware.openfda.model.DataSetsEntity@fa45bd87
DataSetsbylistid List::com.wasoftware.openfda.model.DataSetsEntity@fa462ae0
DataSetsbylistid List::com.wasoftware.openfda.model.DataSetsEntity@fa46b240
DataSetsbylistid List::com.wasoftware.openfda.model.DataSetsEntity@fa471f00
DataSetsbylistid List::com.wasoftware.openfda.model.DataSetsEntity@fa478f7d
DataSetsbylistid List::com.wasoftware.openfda.model.DataSetsEntity@fa308d00
DataSetsbylistid List::com.wasoftware.openfda.model.DataSetsEntity@fa310218
DataSetsbylistid List::com.wasoftware.openfda.model.DataSetsEntity@fa48e915
DataSetsbylistid List::com.wasoftware.openfda.model.DataSetsEntity@fa495995
DataSetsbylistid List::com.wasoftware.openfda.model.DataSetsEntity@fa4a545d
DataSetsbylistid List::com.wasoftware.openfda.model.DataSetsEntity@fa4bade1
DataSetsbylistid List::com.wasoftware.openfda.model.DataSetsEntity@fa4ac59a
DataSetsbylistid List::com.wasoftware.openfda.model.DataSetsEntity@fa33bc74
DataSetsbylistid List::com.wasoftware.openfda.model.DataSetsEntity@fa343152
DataSetsbylistid List::com.wasoftware.openfda.model.DataSetsEntity@fa4c1b35
DataSetsbylistid List::com.wasoftware.openfda.model.DataSetsEntity@fa4dfb38
DataSetsbylistid List::com.wasoftware.openfda.model.DataSetsEntity@fa4d0754
DataSetsbylistid List::com.wasoftware.openfda.model.DataSetsEntity@fa4de472
DataSetsbylistid List::com.wasoftware.openfda.model.DataSetsEntity@fa4e7355
DataSetsbylistid List::com.wasoftware.openfda.model.DataSetsEntity@fa375733
DataSetsbylistid List::com.wasoftware.openfda.model.DataSetsEntity@fa3883a4
DataSetsbylistid List::com.wasoftware.openfda.model.DataSetsEntity@fa4fbe0b
DataSetsbylistid List::com.wasoftware.openfda.model.DataSetsEntity@fa502f26
DataSetsbylistid List::com.wasoftware.openfda.model.DataSetsEntity@fa511445
DataSetsbylistid List::com.wasoftware.openfda.model.DataSetsEntity@fa510c6a
DataSetsbylistid List::com.wasoftware.openfda.model.DataSetsEntity@fa518843
DataSetsbylistid List::com.wasoftware.openfda.model.DataSetsEntity@fa3a896f
DataSetsbylistid List::com.wasoftware.openfda.model.DataSetsEntity@fa3bb5bc
DataSetsbylistid List::com.wasoftware.openfda.model.DataSetsEntity@fa52f7cd
DataSetsbylistid List::com.wasoftware.openfda.model.DataSetsEntity@fa5355e4
DataSetsbylistid List::com.wasoftware.openfda.model.DataSetsEntity@fa53ce25
DataSetsbylistid List::com.wasoftware.openfda.model.DataSetsEntity@fa545869
DataSetsbylistid List::com.wasoftware.openfda.model.DataSetsEntity@fa54b719
DataSetsbylistid List::com.wasoftware.openfda.model.DataSetsEntity@fa3db8c0
DataSetsbylistid List::com.wasoftware.openfda.model.DataSetsEntity@fa3e2dd6
DataSetsbylistid List::com.wasoftware.openfda.model.DataSetsEntity@fa561858
DataSetsbylistid List::com.wasoftware.openfda.model.DataSetsEntity@fa5635a9
DataSetsbylistid List::com.wasoftware.openfda.model.DataSetsEntity@fa570341
DataSetsbylistid List::com.wasoftware.openfda.model.DataSetsEntity@fa577bfb
DataSetsbylistid List::com.wasoftware.openfda.model.DataSetsEntity@fa5806a3
DataSetsbylistid List::com.wasoftware.openfda.model.DataSetsEntity@fa41a60e
DataSetsbylistid List::com.wasoftware.openfda.model.DataSetsEntity@fa415f9b
DataSetsbylistid List::com.wasoftware.openfda.model.DataSetsEntity@fa5942b7
DataSetsbylistid List::com.wasoftware.openfda.model.DataSetsEntity@fa59c291
DataSetsbylistid List::com.wasoftware.openfda.model.DataSetsEntity@fa5ba6f8
DataSetsbylistid List::com.wasoftware.openfda.model.DataSetsEntity@fa5aa0a9
DataSetsbylistid List::com.wasoftware.openfda.model.DataSetsEntity@fa5b1a78
DataSetsbylistid List::com.wasoftware.openfda.model.DataSetsEntity@fa441cb8
DataSetsbylistid List::com.wasoftware.openfda.model.DataSetsEntity@fa44fa37
DataSetsbylistid List::com.wasoftware.openfda.model.DataSetsEntity@fa464509
DataSetsbylistid List::com.wasoftware.openfda.model.DataSetsEntity@fa5d520a
DataSetsbylistid List::com.wasoftware.openfda.model.DataSetsEntity@fa5e3a6d
DataSetsbylistid List::com.wasoftware.openfda.model.DataSetsEntity@fa5de8d5
DataSetsbylistid List::com.wasoftware.openfda.model.DataSetsEntity@fa5ec24c
DataSetsbylistid List::com.wasoftware.openfda.model.DataSetsEntity@fa47b567
DataSetsbylistid List::com.wasoftware.openfda.model.DataSetsEntity@fa482a24
DataSetsbylistid List::com.wasoftware.openfda.model.DataSetsEntity@fa60902a
DataSetsbylistid List::com.wasoftware.openfda.model.DataSetsEntity@fa609aef
DataSetsbylistid List::com.wasoftware.openfda.model.DataSetsEntity@fa61036d
DataSetsbylistid List::com.wasoftware.openfda.model.DataSetsEntity@fa616d42
DataSetsbylistid List::com.wasoftware.openfda.model.DataSetsEntity@fa61e886
DataSetsbylistid List::com.wasoftware.openfda.model.DataSetsEntity@fa4ae721
DataSetsbylistid List::com.wasoftware.openfda.model.DataSetsEntity@fa4b5c1e
DataSetsbylistid List::com.wasoftware.openfda.model.DataSetsEntity@fa63606f
DataSetsbylistid List::com.wasoftware.openfda.model.DataSetsEntity@fa63bb99
DataSetsbylistid List::com.wasoftware.openfda.model.DataSetsEntity@fa651ffd
DataSetsbylistid List::com.wasoftware.openfda.model.DataSetsEntity@fa64a3be
DataSetsbylistid List::com.wasoftware.openfda.model.DataSetsEntity@fa651ba0
DataSetsbylistid List::com.wasoftware.openfda.model.DataSetsEntity@fa4e19bc
DataSetsbylistid List::com.wasoftware.openfda.model.DataSetsEntity@fa4e8e3e
DataSetsbylistid List::com.wasoftware.openfda.model.DataSetsEntity@fa6777a2
DataSetsbylistid List::com.wasoftware.openfda.model.DataSetsEntity@fa676177
DataSetsbylistid List::com.wasoftware.openfda.model.DataSetsEntity@fa6765b6
DataSetsbylistid List::com.wasoftware.openfda.model.DataSetsEntity@fa67ec05
DataSetsbylistid List::com.wasoftware.openfda.model.DataSetsEntity@fa692b51
DataSetsbylistid List::com.wasoftware.openfda.model.DataSetsEntity@fa5200a4
DataSetsbylistid List::com.wasoftware.openfda.model.DataSetsEntity@fa51bd72
DataSetsbylistid List::com.wasoftware.openfda.model.DataSetsEntity@fa6b8b37
DataSetsbylistid List::com.wasoftware.openfda.model.DataSetsEntity@fa76e8e1
DataSetsbylistid List::com.wasoftware.openfda.model.DataSetsEntity@fa75f05d
DataSetsbylistid List::com.wasoftware.openfda.model.DataSetsEntity@fa76747d
DataSetsbylistid List::com.wasoftware.openfda.model.DataSetsEntity@fa783e95
DataSetsbylistid List::com.wasoftware.openfda.model.DataSetsEntity@fa5e6fd4
DataSetsbylistid List::com.wasoftware.openfda.model.DataSetsEntity@fa5ee46e
DataSetsbylistid List::com.wasoftware.openfda.model.DataSetsEntity@fa76cf0f
DataSetsbylistid List::com.wasoftware.openfda.model.DataSetsEntity@fa77b736
DataSetsbylistid List::com.wasoftware.openfda.model.DataSetsEntity@fa784674
DataSetsbylistid List::com.wasoftware.openfda.model.DataSetsEntity@fa784125
DataSetsbylistid List::com.wasoftware.openfda.model.DataSetsEntity@fa7931a3
DataSetsbylistid List::com.wasoftware.openfda.model.DataSetsEntity@fa61a1b5
DataSetsbylistid List::com.wasoftware.openfda.model.DataSetsEntity@fa6215f5
DataSetsbylistid List::com.wasoftware.openfda.model.DataSetsEntity@fa79f9ce
DataSetsbylistid List::com.wasoftware.openfda.model.DataSetsEntity@fa7b69eb
DataSetsbylistid List::com.wasoftware.openfda.model.DataSetsEntity@fa7b5708
DataSetsbylistid List::com.wasoftware.openfda.model.DataSetsEntity@fa7b658c
DataSetsbylistid List::com.wasoftware.openfda.model.DataSetsEntity@fa7bd6a7
DataSetsbylistid List::com.wasoftware.openfda.model.DataSetsEntity@fa64d106
DataSetsbylistid List::com.wasoftware.openfda.model.DataSetsEntity@fa654814
DataSetsbylistid List::com.wasoftware.openfda.model.DataSetsEntity@fa7db22e
DataSetsbylistid List::com.wasoftware.openfda.model.DataSetsEntity@fa7db998
DataSetsbylistid List::com.wasoftware.openfda.model.DataSetsEntity@fa7e2729
DataSetsbylistid List::com.wasoftware.openfda.model.DataSetsEntity@fa7e8961
DataSetsbylistid List::com.wasoftware.openfda.model.DataSetsEntity@fa7f0524
DataSetsbylistid List::com.wasoftware.openfda.model.DataSetsEntity@fa6803a2
DataSetsbylistid List::com.wasoftware.openfda.model.DataSetsEntity@fa6942d1
DataSetsbylistid List::com.wasoftware.openfda.model.DataSetsEntity@fa80e1c4
DataSetsbylistid List::com.wasoftware.openfda.model.DataSetsEntity@fa81da1d
DataSetsbylistid List::com.wasoftware.openfda.model.DataSetsEntity@fa81c5c3
DataSetsbylistid List::com.wasoftware.openfda.model.DataSetsEntity@fa82ab21
DataSetsbylistid List::com.wasoftware.openfda.model.DataSetsEntity@fa829f85
DataSetsbylistid List::com.wasoftware.openfda.model.DataSetsEntity@fa6b9dbc
DataSetsbylistid List::com.wasoftware.openfda.model.DataSetsEntity@fa6c12ba
DataSetsbylistid List::com.wasoftware.openfda.model.DataSetsEntity@fa84141c
DataSetsbylistid List::com.wasoftware.openfda.model.DataSetsEntity@fa841784
DataSetsbylistid List::com.wasoftware.openfda.model.DataSetsEntity@fa8569b5
DataSetsbylistid List::com.wasoftware.openfda.model.DataSetsEntity@fa856579
DataSetsbylistid List::com.wasoftware.openfda.model.DataSetsEntity@fa85cf14
DataSetsbylistid List::com.wasoftware.openfda.model.DataSetsEntity@fa6f9882
DataSetsbylistid List::com.wasoftware.openfda.model.DataSetsEntity@fa6ffc6d
DataSetsbylistid List::com.wasoftware.openfda.model.DataSetsEntity@fa87275a
DataSetsbylistid List::com.wasoftware.openfda.model.DataSetsEntity@fa87af72
DataSetsbylistid List::com.wasoftware.openfda.model.DataSetsEntity@fa881872
DataSetsbylistid List::com.wasoftware.openfda.model.DataSetsEntity@fa883315
DataSetsbylistid List::com.wasoftware.openfda.model.DataSetsEntity@fa88fdcb
DataSetsbylistid List::com.wasoftware.openfda.model.DataSetsEntity@fa71ff11
DataSetsbylistid List::com.wasoftware.openfda.model.DataSetsEntity@fa727446
DataSetsbylistid List::com.wasoftware.openfda.model.DataSetsEntity@fa8a6d2c
DataSetsbylistid List::com.wasoftware.openfda.model.DataSetsEntity@fa8ad748
DataSetsbylistid List::com.wasoftware.openfda.model.DataSetsEntity@fa8b60b9
DataSetsbylistid List::com.wasoftware.openfda.model.DataSetsEntity@fa8bce30
DataSetsbylistid List::com.wasoftware.openfda.model.DataSetsEntity@fa8c4dcf
DataSetsbylistid List::com.wasoftware.openfda.model.DataSetsEntity@fa75316c
DataSetsbylistid List::com.wasoftware.openfda.model.DataSetsEntity@fa765d96
DataSetsbylistid List::com.wasoftware.openfda.model.DataSetsEntity@fa8e1be5
DataSetsbylistid List::com.wasoftware.openfda.model.DataSetsEntity@fa8f7141
DataSetsbylistid List::com.wasoftware.openfda.model.DataSetsEntity@fa8eee3d
DataSetsbylistid List::com.wasoftware.openfda.model.DataSetsEntity@fa784655
DataSetsbylistid List::com.wasoftware.openfda.model.DataSetsEntity@fa8ef1a0
DataSetsbylistid List::com.wasoftware.openfda.model.DataSetsEntity@fa786400
DataSetsbylistid List::com.wasoftware.openfda.model.DataSetsEntity@fa7a0036
DataSetsbylistid List::com.wasoftware.openfda.model.DataSetsEntity@fa91a418
DataSetsbylistid List::com.wasoftware.openfda.model.DataSetsEntity@fa91b37f
DataSetsbylistid List::com.wasoftware.openfda.model.DataSetsEntity@fa922edf
DataSetsbylistid List::com.wasoftware.openfda.model.DataSetsEntity@fa9297df
DataSetsbylistid List::com.wasoftware.openfda.model.DataSetsEntity@fa936e13
DataSetsbylistid List::com.wasoftware.openfda.model.DataSetsEntity@fa7bfc12
DataSetsbylistid List::com.wasoftware.openfda.model.DataSetsEntity@fa7d4669
DataSetsbylistid List::com.wasoftware.openfda.model.DataSetsEntity@fa94cbcd
DataSetsbylistid List::com.wasoftware.openfda.model.DataSetsEntity@fa9546b6
DataSetsbylistid List::com.wasoftware.openfda.model.DataSetsEntity@fa955d01
DataSetsbylistid List::com.wasoftware.openfda.model.DataSetsEntity@fa96a75b
DataSetsbylistid List::com.wasoftware.openfda.model.DataSetsEntity@fa979453
DataSetsbylistid List::com.wasoftware.openfda.model.DataSetsEntity@fa7fe5e2
DataSetsbylistid List::com.wasoftware.openfda.model.DataSetsEntity@fa7fa2cc
DataSetsbylistid List::com.wasoftware.openfda.model.DataSetsEntity@fa996dcd
DataSetsbylistid List::com.wasoftware.openfda.model.DataSetsEntity@fa98e62d
DataSetsbylistid List::com.wasoftware.openfda.model.DataSetsEntity@fa9888cb
DataSetsbylistid List::com.wasoftware.openfda.model.DataSetsEntity@fa98fdc7
DataSetsbylistid List::com.wasoftware.openfda.model.DataSetsEntity@fa997bdb
DataSetsbylistid List::com.wasoftware.openfda.model.DataSetsEntity@fa832b1c
DataSetsbylistid List::com.wasoftware.openfda.model.DataSetsEntity@fa838c3a
DataSetsbylistid List::com.wasoftware.openfda.model.DataSetsEntity@fa9bc1cf
DataSetsbylistid List::com.wasoftware.openfda.model.DataSetsEntity@fa9ad572
DataSetsbylistid List::com.wasoftware.openfda.model.DataSetsEntity@fa84ee16
DataSetsbylistid List::com.wasoftware.openfda.model.DataSetsEntity@fa9c8d7e
DataSetsbylistid List::com.wasoftware.openfda.model.DataSetsEntity@fa9c8d60
DataSetsbylistid List::com.wasoftware.openfda.model.DataSetsEntity@fa8646d7
DataSetsbylistid List::com.wasoftware.openfda.model.DataSetsEntity@fa860421
DataSetsbylistid List::com.wasoftware.openfda.model.DataSetsEntity@fa9d97a7
DataSetsbylistid List::com.wasoftware.openfda.model.DataSetsEntity@fa9e084a
Hibernate: select datasetlis0_.id as id1_0_0_, datasetlis0_.dataSetName as dataSetN2_0_0_, datasetlis0_.dataSetType as dataSetT3_0_0_, datasetlis0_.enddate as enddate4_0_0_, datasetlis0_.keyName as keyName5_0_0_, datasetlis0_.metadata as metadata6_0_0_, datasetlis0_.notes as notes7_0_0_, datasetlis0_.startdate as startdat8_0_0_, datasetlis0_.user_id as user_id9_0_0_, datasetlis0_.valueName as valueNa10_0_0_ from openfda_test.DataSetLists datasetlis0_ where datasetlis0_.id=?
DataSetLists loaded successfully, DataSetLists details=com.wasoftware.openfda.model.DataSetListsEntity@c89914f8
Hibernate: select datasetlis0_.id as id1_0_0_, datasetlis0_.dataSetName as dataSetN2_0_0_, datasetlis0_.dataSetType as dataSetT3_0_0_, datasetlis0_.enddate as enddate4_0_0_, datasetlis0_.keyName as keyName5_0_0_, datasetlis0_.metadata as metadata6_0_0_, datasetlis0_.notes as notes7_0_0_, datasetlis0_.startdate as startdat8_0_0_, datasetlis0_.user_id as user_id9_0_0_, datasetlis0_.valueName as valueNa10_0_0_ from openfda_test.DataSetLists datasetlis0_ where datasetlis0_.id=?
DataSetLists loaded successfully, DataSetLists details=com.wasoftware.openfda.model.DataSetListsEntity@c89914f8
DataSetLists  updated successfully, DataSetLists Details=com.wasoftware.openfda.model.DataSetListsEntity@57d472b6
Hibernate: update openfda_test.DataSetLists set dataSetName=?, dataSetType=?, enddate=?, keyName=?, metadata=?, notes=?, startdate=?, user_id=?, valueName=? where id=?
Hibernate: delete from openfda_test.DataSets where dataSetList_id=?
DataSets deleted successfully, DataSets details=365
dataset:9:20140501:3506
Hibernate: insert into openfda_test.DataSets (dataSetList_id, `key`, value) values (?, ?, ?)
DataSets saved successfully, DataSets Details=com.wasoftware.openfda.model.DataSetsEntity@4c1fed
dataset:9:20140502:2368
Hibernate: insert into openfda_test.DataSets (dataSetList_id, `key`, value) values (?, ?, ?)
DataSets saved successfully, DataSets Details=com.wasoftware.openfda.model.DataSetsEntity@4c1946
dataset:9:20140503:50
Hibernate: insert into openfda_test.DataSets (dataSetList_id, `key`, value) values (?, ?, ?)
DataSets saved successfully, DataSets Details=com.wasoftware.openfda.model.DataSetsEntity@35139c
dataset:9:20140504:60
Hibernate: insert into openfda_test.DataSets (dataSetList_id, `key`, value) values (?, ?, ?)
DataSets saved successfully, DataSets Details=com.wasoftware.openfda.model.DataSetsEntity@358839
dataset:9:20140505:1987
Hibernate: insert into openfda_test.DataSets (dataSetList_id, `key`, value) values (?, ?, ?)
DataSets saved successfully, DataSets Details=com.wasoftware.openfda.model.DataSetsEntity@4d1924
dataset:9:20140506:2372
Hibernate: insert into openfda_test.DataSets (dataSetList_id, `key`, value) values (?, ?, ?)
DataSets saved successfully, DataSets Details=com.wasoftware.openfda.model.DataSetsEntity@4deb57
dataset:9:20140507:2174
Hibernate: insert into openfda_test.DataSets (dataSetList_id, `key`, value) values (?, ?, ?)
DataSets saved successfully, DataSets Details=com.wasoftware.openfda.model.DataSetsEntity@4e5855
dataset:9:20140508:2511
Hibernate: insert into openfda_test.DataSets (dataSetList_id, `key`, value) values (?, ?, ?)
DataSets saved successfully, DataSets Details=com.wasoftware.openfda.model.DataSetsEntity@4edb1a
dataset:9:20140509:2301
Hibernate: insert into openfda_test.DataSets (dataSetList_id, `key`, value) values (?, ?, ?)
DataSets saved successfully, DataSets Details=com.wasoftware.openfda.model.DataSetsEntity@4f47f7
dataset:9:20140510:2018
Hibernate: insert into openfda_test.DataSets (dataSetList_id, `key`, value) values (?, ?, ?)
DataSets saved successfully, DataSets Details=com.wasoftware.openfda.model.DataSetsEntity@4fb3e3
dataset:9:20140511:84
Hibernate: insert into openfda_test.DataSets (dataSetList_id, `key`, value) values (?, ?, ?)
DataSets saved successfully, DataSets Details=com.wasoftware.openfda.model.DataSetsEntity@38ba78
dataset:9:20140512:1993
Hibernate: insert into openfda_test.DataSets (dataSetList_id, `key`, value) values (?, ?, ?)
DataSets saved successfully, DataSets Details=com.wasoftware.openfda.model.DataSetsEntity@504b3c
dataset:9:20140513:1973
Hibernate: insert into openfda_test.DataSets (dataSetList_id, `key`, value) values (?, ?, ?)
DataSets saved successfully, DataSets Details=com.wasoftware.openfda.model.DataSetsEntity@50bf7c
dataset:9:20140514:1170
Hibernate: insert into openfda_test.DataSets (dataSetList_id, `key`, value) values (?, ?, ?)
DataSets saved successfully, DataSets Details=com.wasoftware.openfda.model.DataSetsEntity@5115ef
dataset:9:20140515:2796
Hibernate: insert into openfda_test.DataSets (dataSetList_id, `key`, value) values (?, ?, ?)
DataSets saved successfully, DataSets Details=com.wasoftware.openfda.model.DataSetsEntity@521596
dataset:9:20140516:2149
Hibernate: insert into openfda_test.DataSets (dataSetList_id, `key`, value) values (?, ?, ?)
DataSets saved successfully, DataSets Details=com.wasoftware.openfda.model.DataSetsEntity@5272f6
dataset:9:20140517:35
Hibernate: insert into openfda_test.DataSets (dataSetList_id, `key`, value) values (?, ?, ?)
DataSets saved successfully, DataSets Details=com.wasoftware.openfda.model.DataSetsEntity@3b74d2
dataset:9:20140518:49
Hibernate: insert into openfda_test.DataSets (dataSetList_id, `key`, value) values (?, ?, ?)
DataSets saved successfully, DataSets Details=com.wasoftware.openfda.model.DataSetsEntity@3be973
dataset:9:20140519:3541
Hibernate: insert into openfda_test.DataSets (dataSetList_id, `key`, value) values (?, ?, ?)
DataSets saved successfully, DataSets Details=com.wasoftware.openfda.model.DataSetsEntity@5453cb
dataset:9:20140520:1926
Hibernate: insert into openfda_test.DataSets (dataSetList_id, `key`, value) values (?, ?, ?)
DataSets saved successfully, DataSets Details=com.wasoftware.openfda.model.DataSetsEntity@53f0e1
dataset:9:20140521:2152
Hibernate: insert into openfda_test.DataSets (dataSetList_id, `key`, value) values (?, ?, ?)
DataSets saved successfully, DataSets Details=com.wasoftware.openfda.model.DataSetsEntity@54bc0f
dataset:9:20140522:3604
Hibernate: insert into openfda_test.DataSets (dataSetList_id, `key`, value) values (?, ?, ?)
DataSets saved successfully, DataSets Details=com.wasoftware.openfda.model.DataSetsEntity@55b718
dataset:9:20140523:2251
Hibernate: insert into openfda_test.DataSets (dataSetList_id, `key`, value) values (?, ?, ?)
DataSets saved successfully, DataSets Details=com.wasoftware.openfda.model.DataSetsEntity@55a8cb
dataset:9:20140524:1219
Hibernate: insert into openfda_test.DataSets (dataSetList_id, `key`, value) values (?, ?, ?)
DataSets saved successfully, DataSets Details=com.wasoftware.openfda.model.DataSetsEntity@55a876
dataset:9:20140525:30
Hibernate: insert into openfda_test.DataSets (dataSetList_id, `key`, value) values (?, ?, ?)
DataSets saved successfully, DataSets Details=com.wasoftware.openfda.model.DataSetsEntity@3f1b48
dataset:9:20140526:1102
Hibernate: insert into openfda_test.DataSets (dataSetList_id, `key`, value) values (?, ?, ?)
DataSets saved successfully, DataSets Details=com.wasoftware.openfda.model.DataSetsEntity@568d8b
dataset:9:20140527:4412
Hibernate: insert into openfda_test.DataSets (dataSetList_id, `key`, value) values (?, ?, ?)
DataSets saved successfully, DataSets Details=com.wasoftware.openfda.model.DataSetsEntity@586a88
dataset:9:20140528:2514
Hibernate: insert into openfda_test.DataSets (dataSetList_id, `key`, value) values (?, ?, ?)
DataSets saved successfully, DataSets Details=com.wasoftware.openfda.model.DataSetsEntity@57fa0b
dataset:9:20140529:2232
Hibernate: insert into openfda_test.DataSets (dataSetList_id, `key`, value) values (?, ?, ?)
DataSets saved successfully, DataSets Details=com.wasoftware.openfda.model.DataSetsEntity@586382
dataset:9:20140530:3264
Hibernate: insert into openfda_test.DataSets (dataSetList_id, `key`, value) values (?, ?, ?)
DataSets saved successfully, DataSets Details=com.wasoftware.openfda.model.DataSetsEntity@594f49
dataset:9:20140531:81
Hibernate: insert into openfda_test.DataSets (dataSetList_id, `key`, value) values (?, ?, ?)
DataSets saved successfully, DataSets Details=com.wasoftware.openfda.model.DataSetsEntity@41d963
dataset:9:20140601:87
Hibernate: insert into openfda_test.DataSets (dataSetList_id, `key`, value) values (?, ?, ?)
DataSets saved successfully, DataSets Details=com.wasoftware.openfda.model.DataSetsEntity@42b6e4
Hibernate: select datasetlis0_.id as id1_0_, datasetlis0_.dataSetName as dataSetN2_0_, datasetlis0_.dataSetType as dataSetT3_0_, datasetlis0_.enddate as enddate4_0_, datasetlis0_.keyName as keyName5_0_, datasetlis0_.metadata as metadata6_0_, datasetlis0_.notes as notes7_0_, datasetlis0_.startdate as startdat8_0_, datasetlis0_.user_id as user_id9_0_, datasetlis0_.valueName as valueNa10_0_ from openfda_test.DataSetLists datasetlis0_ order by datasetlis0_.id desc
DataSetLists List::com.wasoftware.openfda.model.DataSetListsEntity@57d472b6
Hibernate: select max(datasetlis0_.id) as col_0_0_ from openfda_test.DataSetLists datasetlis0_
Hibernate: select datasetlis0_.id as id1_0_0_, datasetlis0_.dataSetName as dataSetN2_0_0_, datasetlis0_.dataSetType as dataSetT3_0_0_, datasetlis0_.enddate as enddate4_0_0_, datasetlis0_.keyName as keyName5_0_0_, datasetlis0_.metadata as metadata6_0_0_, datasetlis0_.notes as notes7_0_0_, datasetlis0_.startdate as startdat8_0_0_, datasetlis0_.user_id as user_id9_0_0_, datasetlis0_.valueName as valueNa10_0_0_ from openfda_test.DataSetLists datasetlis0_ where datasetlis0_.id=?
DataSetLists loaded successfully, DataSetLists details=com.wasoftware.openfda.model.DataSetListsEntity@57d472b6
Hibernate: select datasetsen0_.id as id1_1_, datasetsen0_.dataSetList_id as dataSetL2_1_, datasetsen0_.`key` as key3_1_, datasetsen0_.value as value4_1_ from openfda_test.DataSets datasetsen0_ where datasetsen0_.dataSetList_id=? order by datasetsen0_.`key`
DataSetsbylistid List::com.wasoftware.openfda.model.DataSetsEntity@4c1fed
DataSetsbylistid List::com.wasoftware.openfda.model.DataSetsEntity@4c1946
DataSetsbylistid List::com.wasoftware.openfda.model.DataSetsEntity@35139c
DataSetsbylistid List::com.wasoftware.openfda.model.DataSetsEntity@358839
DataSetsbylistid List::com.wasoftware.openfda.model.DataSetsEntity@4d1924
DataSetsbylistid List::com.wasoftware.openfda.model.DataSetsEntity@4deb57
DataSetsbylistid List::com.wasoftware.openfda.model.DataSetsEntity@4e5855
DataSetsbylistid List::com.wasoftware.openfda.model.DataSetsEntity@4edb1a
DataSetsbylistid List::com.wasoftware.openfda.model.DataSetsEntity@4f47f7
DataSetsbylistid List::com.wasoftware.openfda.model.DataSetsEntity@4fb3e3
DataSetsbylistid List::com.wasoftware.openfda.model.DataSetsEntity@38ba78
DataSetsbylistid List::com.wasoftware.openfda.model.DataSetsEntity@504b3c
DataSetsbylistid List::com.wasoftware.openfda.model.DataSetsEntity@50bf7c
DataSetsbylistid List::com.wasoftware.openfda.model.DataSetsEntity@5115ef
DataSetsbylistid List::com.wasoftware.openfda.model.DataSetsEntity@521596
DataSetsbylistid List::com.wasoftware.openfda.model.DataSetsEntity@5272f6
DataSetsbylistid List::com.wasoftware.openfda.model.DataSetsEntity@3b74d2
DataSetsbylistid List::com.wasoftware.openfda.model.DataSetsEntity@3be973
DataSetsbylistid List::com.wasoftware.openfda.model.DataSetsEntity@5453cb
DataSetsbylistid List::com.wasoftware.openfda.model.DataSetsEntity@53f0e1
DataSetsbylistid List::com.wasoftware.openfda.model.DataSetsEntity@54bc0f
DataSetsbylistid List::com.wasoftware.openfda.model.DataSetsEntity@55b718
DataSetsbylistid List::com.wasoftware.openfda.model.DataSetsEntity@55a8cb
DataSetsbylistid List::com.wasoftware.openfda.model.DataSetsEntity@55a876
DataSetsbylistid List::com.wasoftware.openfda.model.DataSetsEntity@3f1b48
DataSetsbylistid List::com.wasoftware.openfda.model.DataSetsEntity@568d8b
DataSetsbylistid List::com.wasoftware.openfda.model.DataSetsEntity@586a88
DataSetsbylistid List::com.wasoftware.openfda.model.DataSetsEntity@57fa0b
DataSetsbylistid List::com.wasoftware.openfda.model.DataSetsEntity@586382
DataSetsbylistid List::com.wasoftware.openfda.model.DataSetsEntity@594f49
DataSetsbylistid List::com.wasoftware.openfda.model.DataSetsEntity@41d963
DataSetsbylistid List::com.wasoftware.openfda.model.DataSetsEntity@42b6e4
Hibernate: select max(datasetlis0_.id) as col_0_0_ from openfda_test.DataSetLists datasetlis0_
Hibernate: select datasetlis0_.id as id1_0_0_, datasetlis0_.dataSetName as dataSetN2_0_0_, datasetlis0_.dataSetType as dataSetT3_0_0_, datasetlis0_.enddate as enddate4_0_0_, datasetlis0_.keyName as keyName5_0_0_, datasetlis0_.metadata as metadata6_0_0_, datasetlis0_.notes as notes7_0_0_, datasetlis0_.startdate as startdat8_0_0_, datasetlis0_.user_id as user_id9_0_0_, datasetlis0_.valueName as valueNa10_0_0_ from openfda_test.DataSetLists datasetlis0_ where datasetlis0_.id=?
DataSetLists loaded successfully, DataSetLists details=com.wasoftware.openfda.model.DataSetListsEntity@57d472b6
Hibernate: select datasetsen0_.id as id1_1_, datasetsen0_.dataSetList_id as dataSetL2_1_, datasetsen0_.`key` as key3_1_, datasetsen0_.value as value4_1_ from openfda_test.DataSets datasetsen0_ where datasetsen0_.dataSetList_id=? order by datasetsen0_.`key`
DataSetsbylistid List::com.wasoftware.openfda.model.DataSetsEntity@4c1fed
DataSetsbylistid List::com.wasoftware.openfda.model.DataSetsEntity@4c1946
DataSetsbylistid List::com.wasoftware.openfda.model.DataSetsEntity@35139c
DataSetsbylistid List::com.wasoftware.openfda.model.DataSetsEntity@358839
DataSetsbylistid List::com.wasoftware.openfda.model.DataSetsEntity@4d1924
DataSetsbylistid List::com.wasoftware.openfda.model.DataSetsEntity@4deb57
DataSetsbylistid List::com.wasoftware.openfda.model.DataSetsEntity@4e5855
DataSetsbylistid List::com.wasoftware.openfda.model.DataSetsEntity@4edb1a
DataSetsbylistid List::com.wasoftware.openfda.model.DataSetsEntity@4f47f7
DataSetsbylistid List::com.wasoftware.openfda.model.DataSetsEntity@4fb3e3
DataSetsbylistid List::com.wasoftware.openfda.model.DataSetsEntity@38ba78
DataSetsbylistid List::com.wasoftware.openfda.model.DataSetsEntity@504b3c
DataSetsbylistid List::com.wasoftware.openfda.model.DataSetsEntity@50bf7c
DataSetsbylistid List::com.wasoftware.openfda.model.DataSetsEntity@5115ef
DataSetsbylistid List::com.wasoftware.openfda.model.DataSetsEntity@521596
DataSetsbylistid List::com.wasoftware.openfda.model.DataSetsEntity@5272f6
DataSetsbylistid List::com.wasoftware.openfda.model.DataSetsEntity@3b74d2
DataSetsbylistid List::com.wasoftware.openfda.model.DataSetsEntity@3be973
DataSetsbylistid List::com.wasoftware.openfda.model.DataSetsEntity@5453cb
DataSetsbylistid List::com.wasoftware.openfda.model.DataSetsEntity@53f0e1
DataSetsbylistid List::com.wasoftware.openfda.model.DataSetsEntity@54bc0f
DataSetsbylistid List::com.wasoftware.openfda.model.DataSetsEntity@55b718
DataSetsbylistid List::com.wasoftware.openfda.model.DataSetsEntity@55a8cb
DataSetsbylistid List::com.wasoftware.openfda.model.DataSetsEntity@55a876
DataSetsbylistid List::com.wasoftware.openfda.model.DataSetsEntity@3f1b48
DataSetsbylistid List::com.wasoftware.openfda.model.DataSetsEntity@568d8b
DataSetsbylistid List::com.wasoftware.openfda.model.DataSetsEntity@586a88
DataSetsbylistid List::com.wasoftware.openfda.model.DataSetsEntity@57fa0b
DataSetsbylistid List::com.wasoftware.openfda.model.DataSetsEntity@586382
DataSetsbylistid List::com.wasoftware.openfda.model.DataSetsEntity@594f49
DataSetsbylistid List::com.wasoftware.openfda.model.DataSetsEntity@41d963
DataSetsbylistid List::com.wasoftware.openfda.model.DataSetsEntity@42b6e4
Hibernate: select datasetlis0_.id as id1_0_0_, datasetlis0_.dataSetName as dataSetN2_0_0_, datasetlis0_.dataSetType as dataSetT3_0_0_, datasetlis0_.enddate as enddate4_0_0_, datasetlis0_.keyName as keyName5_0_0_, datasetlis0_.metadata as metadata6_0_0_, datasetlis0_.notes as notes7_0_0_, datasetlis0_.startdate as startdat8_0_0_, datasetlis0_.user_id as user_id9_0_0_, datasetlis0_.valueName as valueNa10_0_0_ from openfda_test.DataSetLists datasetlis0_ where datasetlis0_.id=?
DataSetLists loaded successfully, DataSetLists details=com.wasoftware.openfda.model.DataSetListsEntity@57d472b6
Hibernate: select max(datasetlis0_.id) as col_0_0_ from openfda_test.DataSetLists datasetlis0_
Hibernate: delete from openfda_test.DataSets where dataSetList_id=?
DataSets deleted successfully, DataSets details=32
Hibernate: select datasetlis0_.id as id1_0_0_, datasetlis0_.dataSetName as dataSetN2_0_0_, datasetlis0_.dataSetType as dataSetT3_0_0_, datasetlis0_.enddate as enddate4_0_0_, datasetlis0_.keyName as keyName5_0_0_, datasetlis0_.metadata as metadata6_0_0_, datasetlis0_.notes as notes7_0_0_, datasetlis0_.startdate as startdat8_0_0_, datasetlis0_.user_id as user_id9_0_0_, datasetlis0_.valueName as valueNa10_0_0_ from openfda_test.DataSetLists datasetlis0_ where datasetlis0_.id=?
DataSetLists deleted successfully, DataSetLists details=com.wasoftware.openfda.model.DataSetListsEntity@57d472b6
Hibernate: delete from openfda_test.DataSetLists where id=?
Tests run: 5, Failures: 0, Errors: 0, Skipped: 0, Time elapsed: 7.181 sec

Results :

Tests run: 17, Failures: 0, Errors: 0, Skipped: 0

[JENKINS] Recording test results
log4j:WARN No appenders could be found for logger (org.apache.commons.beanutils.converters.BooleanConverter).
log4j:WARN Please initialize the log4j system properly.
[INFO] 
[INFO] --- maven-war-plugin:2.2:war (default-war) @ OpenFDA ---
[INFO] Packaging webapp
[INFO] Assembling webapp [OpenFDA] in [C:\Documents and Settings\Administrator\.jenkins\workspace\openFDA\target\OpenFDA]
[INFO] Processing war project
[INFO] Copying webapp resources [C:\Documents and Settings\Administrator\.jenkins\workspace\openFDA\src\main\webapp]
[INFO] Webapp assembled in [25016 msecs]
[INFO] Building war: C:\Documents and Settings\Administrator\.jenkins\workspace\openFDA\target\OpenFDA.war
[INFO] WEB-INF\web.xml already added, skipping
[INFO] 
[INFO] --- maven-install-plugin:2.4:install (default-install) @ OpenFDA ---
[INFO] Installing C:\Documents and Settings\Administrator\.jenkins\workspace\openFDA\target\OpenFDA.war to C:\Documents and Settings\Default User\.m2\repository\com\wasoftware\openfda\OpenFDA\1.0-SNAPSHOT\OpenFDA-1.0-SNAPSHOT.war
[INFO] Installing C:\Documents and Settings\Administrator\.jenkins\workspace\openFDA\pom.xml to C:\Documents and Settings\Default User\.m2\repository\com\wasoftware\openfda\OpenFDA\1.0-SNAPSHOT\OpenFDA-1.0-SNAPSHOT.pom
[INFO] 
[INFO] --- maven-checkstyle-plugin:2.15:checkstyle (default-cli) @ OpenFDA ---
[INFO] There are 714 errors reported by Checkstyle 6.1.1 with config/sun_checks.xml ruleset.
[WARNING] Unable to locate Source XRef to link to - DISABLED
[CHECKSTYLE] Parsing file C:\Documents and Settings\Administrator\.jenkins\workspace\openFDA\target\checkstyle-result.xml
[CHECKSTYLE] Successfully parsed file C:\Documents and Settings\Administrator\.jenkins\workspace\openFDA\target\checkstyle-result.xml of module OpenFDA with 714 unique warnings and 0 duplicates.
[CHECKSTYLE] Computing warning deltas based on reference build #31
[INFO] 
[INFO] --- maven-pmd-plugin:3.4:pmd (default-cli) @ OpenFDA ---
[WARNING] Unable to locate Source XRef to link to - DISABLED
[PMD] Finding all files that match the pattern pmd.xml
[PMD] Parsing 1 file in C:\Documents and Settings\Administrator\.jenkins\workspace\openFDA\target
[PMD] Successfully parsed file C:\Documents and Settings\Administrator\.jenkins\workspace\openFDA\target\pmd.xml of module OpenFDA with 48 unique warnings and 0 duplicates.
[PMD] Computing warning deltas based on reference build #31
[INFO] 
[INFO] --- maven-jxr-plugin:2.5:jxr (default-cli) @ OpenFDA ---
[INFO] ------------------------------------------------------------------------
[INFO] BUILD SUCCESS
[INFO] ------------------------------------------------------------------------
[INFO] Total time: 01:33 min
[INFO] Finished at: 2015-07-06T20:56:57-04:00
[INFO] Final Memory: 39M/101M
[INFO] ------------------------------------------------------------------------
Waiting for Jenkins to finish collecting data
[JENKINS] Archiving C:\Documents and Settings\Administrator\.jenkins\workspace\openFDA\pom.xml to com.wasoftware.openfda/OpenFDA/1.0-SNAPSHOT/OpenFDA-1.0-SNAPSHOT.pom
[JENKINS] Archiving C:\Documents and Settings\Administrator\.jenkins\workspace\openFDA\target\OpenFDA.war to com.wasoftware.openfda/OpenFDA/1.0-SNAPSHOT/OpenFDA-1.0-SNAPSHOT.war
channel stopped
SSH: Connecting from host [mspbuild]
SSH: Connecting with configuration [openFDA] ...
SSH: EXEC: STDOUT/STDERR from command [cd openFDA_build
cp OpenFDA.war  OpenFDA_`date +%Y%m%d_%H%M%S`.war] ...
SSH: EXEC: completed after 200 ms
SSH: Disconnecting configuration [openFDA] ...
SSH: Transferred 2 ( 1 + 1 ) file(s)
Finished: SUCCESS

